<?xml version="1.0" encoding="UTF-8" ?>
<testsuite tests="13" failures="0" name="gov.dot.its.jpo.sdcsdw.xerjaxbcodec.XerJaxbCodecTest" time="0.25" errors="0" skipped="0">
  <properties>
[...]
</properties>
  <testcase classname="gov.dot.its.jpo.sdcsdw.xerjaxbcodec.XerJaxbCodecTest" name="testUnmarshallServiceRequest" time="0.231"/>
  <testcase classname="gov.dot.its.jpo.sdcsdw.xerjaxbcodec.XerJaxbCodecTest" name="testMarshallServiceRequest" time="0.001"/>
  <testcase classname="gov.dot.its.jpo.sdcsdw.xerjaxbcodec.XerJaxbCodecTest" name="testSelfClosingTags" time="0.001"/>
  <testcase classname="gov.dot.its.jpo.sdcsdw.xerjaxbcodec.XerJaxbCodecTest" name="testUnmarshallServiceResponse" time="0"/>
  <testcase classname="gov.dot.its.jpo.sdcsdw.xerjaxbcodec.XerJaxbCodecTest" name="testMarshallServiceResponse" time="0"/>
  <testcase classname="gov.dot.its.jpo.sdcsdw.xerjaxbcodec.XerJaxbCodecTest" name="testUnmarshallDataRequest" time="0"/>
  <testcase classname="gov.dot.its.jpo.sdcsdw.xerjaxbcodec.XerJaxbCodecTest" name="testMarshalDataRequest" time="0"/>
  <testcase classname="gov.dot.its.jpo.sdcsdw.xerjaxbcodec.XerJaxbCodecTest" name="testUnmarshallAdvisorySituationDataDistributionRequest" time="0.017"/>
  <testcase classname="gov.dot.its.jpo.sdcsdw.xerjaxbcodec.XerJaxbCodecTest" name="testMarshallAdvisorySituationDataDistributionRequest" time="0"/>
  <testcase classname="gov.dot.its.jpo.sdcsdw.xerjaxbcodec.XerJaxbCodecTest" name="testUnmarshallDataAcceptance" time="0"/>
  <testcase classname="gov.dot.its.jpo.sdcsdw.xerjaxbcodec.XerJaxbCodecTest" name="testMarshallDataAcceptance" time="0"/>
  <testcase classname="gov.dot.its.jpo.sdcsdw.xerjaxbcodec.XerJaxbCodecTest" name="testUnmarshallDataReceipt" time="0"/>
  <testcase classname="gov.dot.its.jpo.sdcsdw.xerjaxbcodec.XerJaxbCodecTest" name="testMarshallDataReceipt" time="0"/>
</testsuite>